<?xml version="1.0" encoding="UTF-8"?>
<!-- Generated by org.testng.reporters.JUnitReportReporter -->
<testsuite hostname="LAPTOP-5AOBV4V4" failures="0" tests="3" name="apiTesting.DynamicApiDeletion" time="3.614" errors="0" timestamp="2022-09-30T16:26:04 IST" skipped="0">
  <testcase classname="apiTesting.DynamicApiDeletion" name="deleteBook" time="0.080"/>
  <system-out/>
  <testcase classname="apiTesting.DynamicApiDeletion" name="deleteBook" time="0.118"/>
  <system-out/>
  <testcase classname="apiTesting.DynamicApiDeletion" name="deleteBook" time="3.416"/>
  <system-out/>
</testsuite> <!-- apiTesting.DynamicApiDeletion -->
